2024-07-24 14:53:17.940 [dubbo-client-heartbeat-reconnect-thread-1] ERROR o.a.d.r.transport.netty4.NettyClient -  [DUBBO] Failed to connect to provider server by other reason., dubbo version: 3.2.4, current host: 192.168.10.42, error code: 6-1. This may be caused by network disconnected, go to https://dubbo.apache.org/faq/6/1 to find instructions. 
io.netty.channel.AbstractChannel$AnnotatedConnectException: Connection refused: no further information: /192.168.10.42:20880
Caused by: java.net.ConnectException: Connection refused: no further information
	at sun.nio.ch.SocketChannelImpl.checkConnect(Native Method)
	at sun.nio.ch.SocketChannelImpl.finishConnect(SocketChannelImpl.java:717)
	at io.netty.channel.socket.nio.NioSocketChannel.doFinishConnect(NioSocketChannel.java:337)
	at io.netty.channel.nio.AbstractNioChannel$AbstractNioUnsafe.finishConnect(AbstractNioChannel.java:334)
	at io.netty.channel.nio.NioEventLoop.processSelectedKey(NioEventLoop.java:776)
	at io.netty.channel.nio.NioEventLoop.processSelectedKeysOptimized(NioEventLoop.java:724)
	at io.netty.channel.nio.NioEventLoop.processSelectedKeys(NioEventLoop.java:650)
	at io.netty.channel.nio.NioEventLoop.run(NioEventLoop.java:562)
	at io.netty.util.concurrent.SingleThreadEventExecutor$4.run(SingleThreadEventExecutor.java:997)
	at io.netty.util.internal.ThreadExecutorMap$2.run(ThreadExecutorMap.java:74)
	at io.netty.util.concurrent.FastThreadLocalRunnable.run(FastThreadLocalRunnable.java:30)
	at java.lang.Thread.run(Thread.java:748)
2024-07-24 14:53:17.941 [dubbo-client-heartbeat-reconnect-thread-1] ERROR o.a.d.r.e.s.h.ReconnectTimerTask -  [DUBBO] Fail to connect toHeaderExchangeClient [channel=org.apache.dubbo.remoting.transport.netty4.NettyClient [/192.168.10.42:63859 -> /192.168.10.42:20880]], dubbo version: 3.2.4, current host: 192.168.10.42, error code: 6-16. This may be caused by , go to https://dubbo.apache.org/faq/6/16 to find instructions. 
org.apache.dubbo.remoting.RemotingException: client(url: dubbo://192.168.10.42:20880/com.ghrk.common.utils.JwtUtilsInterface?application=consumer&background=false&category=providers,configurators,routers&check=false&check.serializable=false&codec=dubbo&deprecated=false&dubbo=2.0.2&dynamic=true&executor-management-mode=isolation&file-cache=true&generic=false&heartbeat=60000&interface=com.ghrk.common.utils.JwtUtilsInterface&methods=generateToken,getClaimByToken,getExpire,getHeader,getSecret,isTokenExpired,setExpire,setHeader,setSecret&pid=6088&prefer.serialization=fastjson2,hessian2&qos.accept.foreign.ip=false&qos.enable=true&qos.port=33333&reference.filter=dubboLogFilter&release=3.2.4&serialize.check.status=DISABLE&service-name-mapping=true&service.filter=-exception,-validation,dubboExceptionFilter,customValidationFilter&side=consumer&sticky=false&timeout=300000&unloadClusterRelated=false&validation=true) failed to connect to server /192.168.10.42:20880, error message is:Connection refused: no further information: /192.168.10.42:20880
	at org.apache.dubbo.remoting.transport.netty4.NettyClient.doConnect(NettyClient.java:226)
	at org.apache.dubbo.remoting.transport.netty4.NettyClient.doConnect(NettyClient.java:173)
	at org.apache.dubbo.remoting.transport.AbstractClient.connect(AbstractClient.java:219)
	at org.apache.dubbo.remoting.transport.AbstractClient.reconnect(AbstractClient.java:273)
	at org.apache.dubbo.remoting.exchange.support.header.HeaderExchangeClient.reconnect(HeaderExchangeClient.java:183)
	at org.apache.dubbo.remoting.exchange.support.header.ReconnectTimerTask.doTask(ReconnectTimerTask.java:53)
	at org.apache.dubbo.remoting.exchange.support.header.AbstractTimerTask.run(AbstractTimerTask.java:94)
	at org.apache.dubbo.common.timer.HashedWheelTimer$HashedWheelTimeout.expire(HashedWheelTimer.java:653)
	at org.apache.dubbo.common.timer.HashedWheelTimer$HashedWheelBucket.expireTimeouts(HashedWheelTimer.java:732)
	at org.apache.dubbo.common.timer.HashedWheelTimer$Worker.run(HashedWheelTimer.java:454)
	at java.lang.Thread.run(Thread.java:748)
Caused by: io.netty.channel.AbstractChannel$AnnotatedConnectException: Connection refused: no further information: /192.168.10.42:20880
Caused by: java.net.ConnectException: Connection refused: no further information
	at sun.nio.ch.SocketChannelImpl.checkConnect(Native Method)
	at sun.nio.ch.SocketChannelImpl.finishConnect(SocketChannelImpl.java:717)
	at io.netty.channel.socket.nio.NioSocketChannel.doFinishConnect(NioSocketChannel.java:337)
	at io.netty.channel.nio.AbstractNioChannel$AbstractNioUnsafe.finishConnect(AbstractNioChannel.java:334)
	at io.netty.channel.nio.NioEventLoop.processSelectedKey(NioEventLoop.java:776)
	at io.netty.channel.nio.NioEventLoop.processSelectedKeysOptimized(NioEventLoop.java:724)
	at io.netty.channel.nio.NioEventLoop.processSelectedKeys(NioEventLoop.java:650)
	at io.netty.channel.nio.NioEventLoop.run(NioEventLoop.java:562)
	at io.netty.util.concurrent.SingleThreadEventExecutor$4.run(SingleThreadEventExecutor.java:997)
	at io.netty.util.internal.ThreadExecutorMap$2.run(ThreadExecutorMap.java:74)
	at io.netty.util.concurrent.FastThreadLocalRunnable.run(FastThreadLocalRunnable.java:30)
	at java.lang.Thread.run(Thread.java:748)
2024-07-24 15:24:15.312 [http-nio-8082-exec-2] ERROR c.g.c.e.GlobalExceptionHandler - com.alibaba.fastjson2.JSONException: syntax error : M, offset 1, character M, line 1, column 2, fastjson-version 2.0.43 MenuAuth = [{"menu":"USER_SEARCH","auth":"1,2,3,4,5,6"},{"menu":"AUTH_ADD","auth":"4,5,6"},{"menu":"AUTH_DELETE","auth":"3,5,6"},{"menu":"AUTH_SEARCH","auth":"2,3,4,5,6"},{"menu":"AUTH_MODIFY","auth":"5,6"}]
com.alibaba.fastjson2.JSONException: syntax error : M, offset 1, character M, line 1, column 2, fastjson-version 2.0.43 MenuAuth = [{"menu":"USER_SEARCH","auth":"1,2,3,4,5,6"},{"menu":"AUTH_ADD","auth":"4,5,6"},{"menu":"AUTH_DELETE","auth":"3,5,6"},{"menu":"AUTH_SEARCH","auth":"2,3,4,5,6"},{"menu":"AUTH_MODIFY","auth":"5,6"}]
	at com.alibaba.fastjson2.JSONReader.readArray(JSONReader.java:2426)
	at com.alibaba.fastjson2.JSON.parseArray(JSON.java:2497)
	at com.ghrk.provider.service.impl.UserAuthServiceImpl.getUserAuthList(UserAuthServiceImpl.java:55)
	at com.ghrk.provider.service.impl.UserAuthServiceImpl$$FastClassBySpringCGLIB$$8d5552e3.invoke(<generated>)
	at org.springframework.cglib.proxy.MethodProxy.invoke(MethodProxy.java:218)
	at org.springframework.aop.framework.CglibAopProxy.invokeMethod(CglibAopProxy.java:386)
	at org.springframework.aop.framework.CglibAopProxy.access$000(CglibAopProxy.java:85)
	at org.springframework.aop.framework.CglibAopProxy$DynamicAdvisedInterceptor.intercept(CglibAopProxy.java:704)
	at com.ghrk.provider.service.impl.UserAuthServiceImpl$$EnhancerBySpringCGLIB$$8b31e1f7.getUserAuthList(<generated>)
	at com.ghrk.common.service.UserAuthServiceDubboWrap3.invokeMethod(UserAuthServiceDubboWrap3.java)
	at org.apache.dubbo.rpc.proxy.javassist.JavassistProxyFactory$1.doInvoke(JavassistProxyFactory.java:73)
	at org.apache.dubbo.rpc.proxy.AbstractProxyInvoker.invoke(AbstractProxyInvoker.java:100)
	at org.apache.dubbo.config.invoker.DelegateProviderMetaDataInvoker.invoke(DelegateProviderMetaDataInvoker.java:55)
	at org.apache.dubbo.rpc.protocol.InvokerWrapper.invoke(InvokerWrapper.java:56)
	at org.apache.dubbo.rpc.filter.ClassLoaderCallbackFilter.invoke(ClassLoaderCallbackFilter.java:38)
	at org.apache.dubbo.rpc.cluster.filter.FilterChainBuilder$CopyOfFilterChainNode.invoke(FilterChainBuilder.java:334)
	at com.ghrk.provider.filter.CustomValidationFilter.invoke(CustomValidationFilter.java:49)
	at org.apache.dubbo.rpc.cluster.filter.FilterChainBuilder$CopyOfFilterChainNode.invoke(FilterChainBuilder.java:334)
	at org.apache.dubbo.rpc.protocol.dubbo.filter.TraceFilter.invoke(TraceFilter.java:80)
	at org.apache.dubbo.rpc.cluster.filter.FilterChainBuilder$CopyOfFilterChainNode.invoke(FilterChainBuilder.java:334)
	at org.apache.dubbo.rpc.filter.TimeoutFilter.invoke(TimeoutFilter.java:45)
	at org.apache.dubbo.rpc.cluster.filter.FilterChainBuilder$CopyOfFilterChainNode.invoke(FilterChainBuilder.java:334)
	at org.apache.dubbo.monitor.support.MonitorFilter.invoke(MonitorFilter.java:108)
	at org.apache.dubbo.rpc.cluster.filter.FilterChainBuilder$CopyOfFilterChainNode.invoke(FilterChainBuilder.java:334)
	at com.ghrk.provider.filter.DubboExceptionFilter.invoke(DubboExceptionFilter.java:25)
	at org.apache.dubbo.rpc.cluster.filter.FilterChainBuilder$CopyOfFilterChainNode.invoke(FilterChainBuilder.java:334)
	at org.apache.dubbo.rpc.filter.AccessLogFilter.invoke(AccessLogFilter.java:119)
	at org.apache.dubbo.rpc.cluster.filter.FilterChainBuilder$CopyOfFilterChainNode.invoke(FilterChainBuilder.java:334)
	at org.apache.dubbo.rpc.filter.GenericFilter.invoke(GenericFilter.java:197)
	at org.apache.dubbo.rpc.cluster.filter.FilterChainBuilder$CopyOfFilterChainNode.invoke(FilterChainBuilder.java:334)
	at org.apache.dubbo.rpc.filter.ClassLoaderFilter.invoke(ClassLoaderFilter.java:54)
	at org.apache.dubbo.rpc.cluster.filter.FilterChainBuilder$CopyOfFilterChainNode.invoke(FilterChainBuilder.java:334)
	at org.apache.dubbo.rpc.filter.EchoFilter.invoke(EchoFilter.java:41)
	at org.apache.dubbo.rpc.cluster.filter.FilterChainBuilder$CopyOfFilterChainNode.invoke(FilterChainBuilder.java:334)
	at org.apache.dubbo.metrics.filter.MetricsFilter.invoke(MetricsFilter.java:63)
	at org.apache.dubbo.rpc.cluster.filter.FilterChainBuilder$CopyOfFilterChainNode.invoke(FilterChainBuilder.java:334)
	at org.apache.dubbo.rpc.filter.ProfilerServerFilter.invoke(ProfilerServerFilter.java:64)
	at org.apache.dubbo.rpc.cluster.filter.FilterChainBuilder$CopyOfFilterChainNode.invoke(FilterChainBuilder.java:334)
	at org.apache.dubbo.rpc.filter.ContextFilter.invoke(ContextFilter.java:144)
	at org.apache.dubbo.rpc.cluster.filter.FilterChainBuilder$CopyOfFilterChainNode.invoke(FilterChainBuilder.java:334)
	at org.apache.dubbo.rpc.cluster.filter.FilterChainBuilder$CallbackRegistrationInvoker.invoke(FilterChainBuilder.java:196)
	at org.apache.dubbo.rpc.protocol.dubbo.DubboProtocol$1.reply(DubboProtocol.java:156)
	at org.apache.dubbo.remoting.exchange.support.header.HeaderExchangeHandler.handleRequest(HeaderExchangeHandler.java:110)
	at org.apache.dubbo.remoting.exchange.support.header.HeaderExchangeHandler.received(HeaderExchangeHandler.java:200)
	at org.apache.dubbo.remoting.transport.DecodeHandler.received(DecodeHandler.java:53)
	at org.apache.dubbo.remoting.transport.dispatcher.ChannelEventRunnable.run(ChannelEventRunnable.java:62)
	at java.util.concurrent.ThreadPoolExecutor.runWorker(ThreadPoolExecutor.java:1149)
	at java.util.concurrent.ThreadPoolExecutor$Worker.run(ThreadPoolExecutor.java:624)
	at org.apache.dubbo.common.threadlocal.InternalRunnable.run(InternalRunnable.java:41)
	at java.lang.Thread.run(Thread.java:748)

java.lang.RuntimeException: com.alibaba.fastjson2.JSONException: syntax error : M, offset 1, character M, line 1, column 2, fastjson-version 2.0.43 MenuAuth = [{"menu":"USER_SEARCH","auth":"1,2,3,4,5,6"},{"menu":"AUTH_ADD","auth":"4,5,6"},{"menu":"AUTH_DELETE","auth":"3,5,6"},{"menu":"AUTH_SEARCH","auth":"2,3,4,5,6"},{"menu":"AUTH_MODIFY","auth":"5,6"}]
com.alibaba.fastjson2.JSONException: syntax error : M, offset 1, character M, line 1, column 2, fastjson-version 2.0.43 MenuAuth = [{"menu":"USER_SEARCH","auth":"1,2,3,4,5,6"},{"menu":"AUTH_ADD","auth":"4,5,6"},{"menu":"AUTH_DELETE","auth":"3,5,6"},{"menu":"AUTH_SEARCH","auth":"2,3,4,5,6"},{"menu":"AUTH_MODIFY","auth":"5,6"}]
	at com.alibaba.fastjson2.JSONReader.readArray(JSONReader.java:2426)
	at com.alibaba.fastjson2.JSON.parseArray(JSON.java:2497)
	at com.ghrk.provider.service.impl.UserAuthServiceImpl.getUserAuthList(UserAuthServiceImpl.java:55)
	at com.ghrk.provider.service.impl.UserAuthServiceImpl$$FastClassBySpringCGLIB$$8d5552e3.invoke(<generated>)
	at org.springframework.cglib.proxy.MethodProxy.invoke(MethodProxy.java:218)
	at org.springframework.aop.framework.CglibAopProxy.invokeMethod(CglibAopProxy.java:386)
	at org.springframework.aop.framework.CglibAopProxy.access$000(CglibAopProxy.java:85)
	at org.springframework.aop.framework.CglibAopProxy$DynamicAdvisedInterceptor.intercept(CglibAopProxy.java:704)
	at com.ghrk.provider.service.impl.UserAuthServiceImpl$$EnhancerBySpringCGLIB$$8b31e1f7.getUserAuthList(<generated>)
	at com.ghrk.common.service.UserAuthServiceDubboWrap3.invokeMethod(UserAuthServiceDubboWrap3.java)
	at org.apache.dubbo.rpc.proxy.javassist.JavassistProxyFactory$1.doInvoke(JavassistProxyFactory.java:73)
	at org.apache.dubbo.rpc.proxy.AbstractProxyInvoker.invoke(AbstractProxyInvoker.java:100)
	at org.apache.dubbo.config.invoker.DelegateProviderMetaDataInvoker.invoke(DelegateProviderMetaDataInvoker.java:55)
	at org.apache.dubbo.rpc.protocol.InvokerWrapper.invoke(InvokerWrapper.java:56)
	at org.apache.dubbo.rpc.filter.ClassLoaderCallbackFilter.invoke(ClassLoaderCallbackFilter.java:38)
	at org.apache.dubbo.rpc.cluster.filter.FilterChainBuilder$CopyOfFilterChainNode.invoke(FilterChainBuilder.java:334)
	at com.ghrk.provider.filter.CustomValidationFilter.invoke(CustomValidationFilter.java:49)
	at org.apache.dubbo.rpc.cluster.filter.FilterChainBuilder$CopyOfFilterChainNode.invoke(FilterChainBuilder.java:334)
	at org.apache.dubbo.rpc.protocol.dubbo.filter.TraceFilter.invoke(TraceFilter.java:80)
	at org.apache.dubbo.rpc.cluster.filter.FilterChainBuilder$CopyOfFilterChainNode.invoke(FilterChainBuilder.java:334)
	at org.apache.dubbo.rpc.filter.TimeoutFilter.invoke(TimeoutFilter.java:45)
	at org.apache.dubbo.rpc.cluster.filter.FilterChainBuilder$CopyOfFilterChainNode.invoke(FilterChainBuilder.java:334)
	at org.apache.dubbo.monitor.support.MonitorFilter.invoke(MonitorFilter.java:108)
	at org.apache.dubbo.rpc.cluster.filter.FilterChainBuilder$CopyOfFilterChainNode.invoke(FilterChainBuilder.java:334)
	at com.ghrk.provider.filter.DubboExceptionFilter.invoke(DubboExceptionFilter.java:25)
	at org.apache.dubbo.rpc.cluster.filter.FilterChainBuilder$CopyOfFilterChainNode.invoke(FilterChainBuilder.java:334)
	at org.apache.dubbo.rpc.filter.AccessLogFilter.invoke(AccessLogFilter.java:119)
	at org.apache.dubbo.rpc.cluster.filter.FilterChainBuilder$CopyOfFilterChainNode.invoke(FilterChainBuilder.java:334)
	at org.apache.dubbo.rpc.filter.GenericFilter.invoke(GenericFilter.java:197)
	at org.apache.dubbo.rpc.cluster.filter.FilterChainBuilder$CopyOfFilterChainNode.invoke(FilterChainBuilder.java:334)
	at org.apache.dubbo.rpc.filter.ClassLoaderFilter.invoke(ClassLoaderFilter.java:54)
	at org.apache.dubbo.rpc.cluster.filter.FilterChainBuilder$CopyOfFilterChainNode.invoke(FilterChainBuilder.java:334)
	at org.apache.dubbo.rpc.filter.EchoFilter.invoke(EchoFilter.java:41)
	at org.apache.dubbo.rpc.cluster.filter.FilterChainBuilder$CopyOfFilterChainNode.invoke(FilterChainBuilder.java:334)
	at org.apache.dubbo.metrics.filter.MetricsFilter.invoke(MetricsFilter.java:63)
	at org.apache.dubbo.rpc.cluster.filter.FilterChainBuilder$CopyOfFilterChainNode.invoke(FilterChainBuilder.java:334)
	at org.apache.dubbo.rpc.filter.ProfilerServerFilter.invoke(ProfilerServerFilter.java:64)
	at org.apache.dubbo.rpc.cluster.filter.FilterChainBuilder$CopyOfFilterChainNode.invoke(FilterChainBuilder.java:334)
	at org.apache.dubbo.rpc.filter.ContextFilter.invoke(ContextFilter.java:144)
	at org.apache.dubbo.rpc.cluster.filter.FilterChainBuilder$CopyOfFilterChainNode.invoke(FilterChainBuilder.java:334)
	at org.apache.dubbo.rpc.cluster.filter.FilterChainBuilder$CallbackRegistrationInvoker.invoke(FilterChainBuilder.java:196)
	at org.apache.dubbo.rpc.protocol.dubbo.DubboProtocol$1.reply(DubboProtocol.java:156)
	at org.apache.dubbo.remoting.exchange.support.header.HeaderExchangeHandler.handleRequest(HeaderExchangeHandler.java:110)
	at org.apache.dubbo.remoting.exchange.support.header.HeaderExchangeHandler.received(HeaderExchangeHandler.java:200)
	at org.apache.dubbo.remoting.transport.DecodeHandler.received(DecodeHandler.java:53)
	at org.apache.dubbo.remoting.transport.dispatcher.ChannelEventRunnable.run(ChannelEventRunnable.java:62)
	at java.util.concurrent.ThreadPoolExecutor.runWorker(ThreadPoolExecutor.java:1149)
	at java.util.concurrent.ThreadPoolExecutor$Worker.run(ThreadPoolExecutor.java:624)
	at org.apache.dubbo.common.threadlocal.InternalRunnable.run(InternalRunnable.java:41)
	at java.lang.Thread.run(Thread.java:748)

	at com.ghrk.provider.filter.DubboExceptionFilter.onResponse(DubboExceptionFilter.java:81)
	at org.apache.dubbo.rpc.cluster.filter.FilterChainBuilder$CallbackRegistrationInvoker.lambda$invoke$1(FilterChainBuilder.java:220)
	at org.apache.dubbo.rpc.AsyncRpcResult.lambda$whenCompleteWithContext$0(AsyncRpcResult.java:238)
	at java.util.concurrent.CompletableFuture.uniWhenComplete(CompletableFuture.java:760)
	at java.util.concurrent.CompletableFuture.uniWhenCompleteStage(CompletableFuture.java:778)
	at java.util.concurrent.CompletableFuture.whenComplete(CompletableFuture.java:2140)
	at org.apache.dubbo.rpc.AsyncRpcResult.whenCompleteWithContext(AsyncRpcResult.java:234)
	at org.apache.dubbo.rpc.cluster.filter.FilterChainBuilder$CallbackRegistrationInvoker.invoke(FilterChainBuilder.java:197)
	at org.apache.dubbo.rpc.protocol.dubbo.DubboProtocol$1.reply(DubboProtocol.java:156)
	at org.apache.dubbo.remoting.exchange.support.header.HeaderExchangeHandler.handleRequest(HeaderExchangeHandler.java:110)
	at org.apache.dubbo.remoting.exchange.support.header.HeaderExchangeHandler.received(HeaderExchangeHandler.java:200)
	at org.apache.dubbo.remoting.transport.DecodeHandler.received(DecodeHandler.java:53)
	at org.apache.dubbo.remoting.transport.dispatcher.ChannelEventRunnable.run(ChannelEventRunnable.java:62)
	at java.util.concurrent.ThreadPoolExecutor.runWorker(ThreadPoolExecutor.java:1149)
	at java.util.concurrent.ThreadPoolExecutor$Worker.run(ThreadPoolExecutor.java:624)
	at org.apache.dubbo.common.threadlocal.InternalRunnable.run(InternalRunnable.java:41)
	at java.lang.Thread.run(Thread.java:748)
